<?xml version="1.0" encoding="UTF-8"?>
<!-- Generated by org.testng.reporters.JUnitReportReporter -->
<testsuite hostname="VASANTH" failures="0" tests="1" name="cucumberOptions.CucuTestRunner" time="25.298" errors="0" timestamp="2023-02-15T11:27:59 IST" skipped="0">
  <testcase classname="cucumberOptions.CucuTestRunner" name="runScenario" time="25.298"/>
  <system-out/>
</testsuite> <!-- cucumberOptions.CucuTestRunner -->
